{"numTotalTestSuites":47,"numPassedTestSuites":47,"numFailedTestSuites":0,"numPendingTestSuites":0,"numTotalTests":197,"numPassedTests":197,"numFailedTests":0,"numPendingTests":0,"numTodoTests":0,"snapshot":{"added":0,"failure":false,"filesAdded":0,"filesRemoved":0,"filesRemovedList":[],"filesUnmatched":0,"filesUpdated":0,"matched":0,"total":0,"unchecked":0,"uncheckedKeysByFile":[],"unmatched":0,"updated":0,"didUpdate":false},"startTime":1783412752430,"success":true,"testResults":[{"assertionResults":[{"ancestorTitles":["CLI Session 映射 — codem-cli-session-*"],"fullName":"CLI Session 映射 — codem-cli-session-* getCliSessionKey 返回正确格式","status":"passed","title":"getCliSessionKey 返回正确格式","duration":358.27949999999964,"failureMessages":[],"meta":{},"tags":[]},{"ancestorTitles":["CLI Session 映射 — codem-cli-session-*"],"fullName":"CLI Session 映射 — codem-cli-session-* saveCliSessionId → loadCliSessionId 往返","status":"passed","title":"saveCliSessionId → loadCliSessionId 往返","duration":134.73769999999968,"failureMessages":[],"meta":{},"tags":[]},{"ancestorTitles":["CLI Session 映射 — codem-cli-session-*"],"fullName":"CLI Session 映射 — codem-cli-session-* loadCliSessionId 返回 null 当 key 不存在","status":"passed","title":"loadCliSessionId 返回 null 当 key 不存在","duration":81.61189999999988,"failureMessages":[],"meta":{},"tags":[]},{"ancestorTitles":["CLI Session 映射 — codem-cli-session-*"],"fullName":"CLI Session 映射 — codem-cli-session-* 不同 project/session 对应不同 key","status":"passed","title":"不同 project/session 对应不同 key","duration":125.59529999999995,"failureMessages":[],"meta":{},"tags":[]},{"ancestorTitles":["CLI Session 映射 — codem-cli-session-*"],"fullName":"CLI Session 映射 — codem-cli-session-* 覆盖写入同一个 key","status":"passed","title":"覆盖写入同一个 key","duration":82.97829999999976,"failureMessages":[],"meta":{},"tags":[]},{"ancestorTitles":["CLI Session 映射 — codem-cli-session-*"],"fullName":"CLI Session 映射 — codem-cli-session-* key 不包含旧前缀 mimo-","status":"passed","title":"key 不包含旧前缀 mimo-","duration":64.86660000000029,"failureMessages":[],"meta":{},"tags":[]},{"ancestorTitles":["CLI Session 映射 — codem-cli-session-*"],"fullName":"CLI Session 映射 — codem-cli-session-* 保存的数据在 SQLite settings 表中可查到","status":"passed","title":"保存的数据在 SQLite settings 表中可查到","duration":94.9097999999999,"failureMessages":[],"meta":{},"tags":[]}],"startTime":1783412759248,"endTime":1783412760190.91,"status":"passed","message":"","name":"D:/mimo-gui/src/test/cli-session.test.ts"},{"assertionResults":[{"ancestorTitles":["ContextMonitor — getConfiguredProviders 从 codem-settings 读取"],"fullName":"ContextMonitor — getConfiguredProviders 从 codem-settings 读取 无设置时返回空数组","status":"passed","title":"无设置时返回空数组","duration":385.1575,"failureMessages":[],"meta":{},"tags":[]},{"ancestorTitles":["ContextMonitor — getConfiguredProviders 从 codem-settings 读取"],"fullName":"ContextMonitor — getConfiguredProviders 从 codem-settings 读取 读取有 API Key 的 provider（排除 mimo）","status":"passed","title":"读取有 API Key 的 provider（排除 mimo）","duration":150.5560999999998,"failureMessages":[],"meta":{},"tags":[]},{"ancestorTitles":["ContextMonitor — getConfiguredProviders 从 codem-settings 读取"],"fullName":"ContextMonitor — getConfiguredProviders 从 codem-settings 读取 只读 codem-settings，不读旧的 mimo-settings","status":"passed","title":"只读 codem-settings，不读旧的 mimo-settings","duration":112.83959999999979,"failureMessages":[],"meta":{},"tags":[]},{"ancestorTitles":["ContextMonitor — getConfiguredProviders 从 codem-settings 读取"],"fullName":"ContextMonitor — getConfiguredProviders 从 codem-settings 读取 空 providers 数组返回空","status":"passed","title":"空 providers 数组返回空","duration":80.8702000000003,"failureMessages":[],"meta":{},"tags":[]},{"ancestorTitles":["ContextMonitor — getConfiguredProviders 从 codem-settings 读取"],"fullName":"ContextMonitor — getConfiguredProviders 从 codem-settings 读取 所有 provider 都没 apiKey 时返回空","status":"passed","title":"所有 provider 都没 apiKey 时返回空","duration":64.21399999999994,"failureMessages":[],"meta":{},"tags":[]}],"startTime":1783412759218,"endTime":1783412760011.214,"status":"passed","message":"","name":"D:/mimo-gui/src/test/context-monitor.test.ts"},{"assertionResults":[{"ancestorTitles":["Windows 编码问题 — grepSearch 单引号转义"],"fullName":"Windows 编码问题 — grepSearch 单引号转义 路径包含单引号时正确转义","status":"passed","title":"路径包含单引号时正确转义","duration":384.56050000000005,"failureMessages":[],"meta":{},"tags":[]},{"ancestorTitles":["Windows 编码问题 — grepSearch 单引号转义"],"fullName":"Windows 编码问题 — grepSearch 单引号转义 搜索模式包含单引号时正确转义","status":"passed","title":"搜索模式包含单引号时正确转义","duration":93.64699999999993,"failureMessages":[],"meta":{},"tags":[]},{"ancestorTitles":["Windows 编码问题 — grepSearch 单引号转义"],"fullName":"Windows 编码问题 — grepSearch 单引号转义 中文路径不需要转义但也不出错","status":"passed","title":"中文路径不需要转义但也不出错","duration":74.76279999999997,"failureMessages":[],"meta":{},"tags":[]},{"ancestorTitles":["Windows 编码问题 — grepSearch 单引号转义"],"fullName":"Windows 编码问题 — grepSearch 单引号转义 中文+单引号混合路径正确转义","status":"passed","title":"中文+单引号混合路径正确转义","duration":115.20109999999977,"failureMessages":[],"meta":{},"tags":[]},{"ancestorTitles":["Windows 编码问题 — grepSearch 单引号转义"],"fullName":"Windows 编码问题 — grepSearch 单引号转义 多个单引号路径正确转义","status":"passed","title":"多个单引号路径正确转义","duration":76.26549999999997,"failureMessages":[],"meta":{},"tags":[]},{"ancestorTitles":["Windows 编码问题 — grepSearch 单引号转义"],"fullName":"Windows 编码问题 — grepSearch 单引号转义 空字符串转义不出错","status":"passed","title":"空字符串转义不出错","duration":83.84720000000016,"failureMessages":[],"meta":{},"tags":[]},{"ancestorTitles":["Windows 编码问题 — grepSearch 单引号转义"],"fullName":"Windows 编码问题 — grepSearch 单引号转义 构建的 PowerShell 命令包含转义后的路径","status":"passed","title":"构建的 PowerShell 命令包含转义后的路径","duration":126.93979999999965,"failureMessages":[],"meta":{},"tags":[]},{"ancestorTitles":["Windows 编码问题 — UTF-8 BOM 剥离逻辑"],"fullName":"Windows 编码问题 — UTF-8 BOM 剥离逻辑 剥离 UTF-8 BOM (\\uFEFF)","status":"passed","title":"剥离 UTF-8 BOM (\\uFEFF)","duration":81.89629999999988,"failureMessages":[],"meta":{},"tags":[]},{"ancestorTitles":["Windows 编码问题 — UTF-8 BOM 剥离逻辑"],"fullName":"Windows 编码问题 — UTF-8 BOM 剥离逻辑 无 BOM 的内容不变","status":"passed","title":"无 BOM 的内容不变","duration":127.92419999999993,"failureMessages":[],"meta":{},"tags":[]},{"ancestorTitles":["Windows 编码问题 — UTF-8 BOM 剥离逻辑"],"fullName":"Windows 编码问题 — UTF-8 BOM 剥离逻辑 空字符串不出错","status":"passed","title":"空字符串不出错","duration":64.36840000000029,"failureMessages":[],"meta":{},"tags":[]},{"ancestorTitles":["Windows 编码问题 — UTF-8 BOM 剥离逻辑"],"fullName":"Windows 编码问题 — UTF-8 BOM 剥离逻辑 只有 BOM 的字符串变为空","status":"passed","title":"只有 BOM 的字符串变为空","duration":95.45589999999993,"failureMessages":[],"meta":{},"tags":[]},{"ancestorTitles":["Windows 编码问题 — UTF-8 BOM 剥离逻辑"],"fullName":"Windows 编码问题 — UTF-8 BOM 剥离逻辑 BOM + 代码内容正确剥离","status":"passed","title":"BOM + 代码内容正确剥离","duration":90.39980000000014,"failureMessages":[],"meta":{},"tags":[]},{"ancestorTitles":["Windows 编码问题 — UTF-8 BOM 剥离逻辑"],"fullName":"Windows 编码问题 — UTF-8 BOM 剥离逻辑 BOM + emoji 内容正确剥离","status":"passed","title":"BOM + emoji 内容正确剥离","duration":79.85340000000042,"failureMessages":[],"meta":{},"tags":[]},{"ancestorTitles":["Windows 编码问题 — UTF-8 BOM 剥离逻辑"],"fullName":"Windows 编码问题 — UTF-8 BOM 剥离逻辑 多个 BOM 只剥离第一个","status":"passed","title":"多个 BOM 只剥离第一个","duration":79.19180000000006,"failureMessages":[],"meta":{},"tags":[]},{"ancestorTitles":["Windows 编码问题 — PowerShell 命令构建逻辑"],"fullName":"Windows 编码问题 — PowerShell 命令构建逻辑 UTF-8 前缀包含 chcp 65001（控制台代码页设置）","status":"passed","title":"UTF-8 前缀包含 chcp 65001（控制台代码页设置）","duration":76.43809999999985,"failureMessages":[],"meta":{},"tags":[]},{"ancestorTitles":["Windows 编码问题 — PowerShell 命令构建逻辑"],"fullName":"Windows 编码问题 — PowerShell 命令构建逻辑 UTF-8 前缀包含 OutputEncoding（.NET stdout 编码）","status":"passed","title":"UTF-8 前缀包含 OutputEncoding（.NET stdout 编码）","duration":69.76089999999976,"failureMessages":[],"meta":{},"tags":[]},{"ancestorTitles":["Windows 编码问题 — PowerShell 命令构建逻辑"],"fullName":"Windows 编码问题 — PowerShell 命令构建逻辑 UTF-8 前缀包含 InputEncoding（.NET stdin 编码）","status":"passed","title":"UTF-8 前缀包含 InputEncoding（.NET stdin 编码）","duration":81.4728,"failureMessages":[],"meta":{},"tags":[]},{"ancestorTitles":["Windows 编码问题 — PowerShell 命令构建逻辑"],"fullName":"Windows 编码问题 — PowerShell 命令构建逻辑 UTF-8 前缀包含 $OutputEncoding（PowerShell 管道编码）","status":"passed","title":"UTF-8 前缀包含 $OutputEncoding（PowerShell 管道编码）","duration":83.44900000000007,"failureMessages":[],"meta":{},"tags":[]},{"ancestorTitles":["Windows 编码问题 — PowerShell 命令构建逻辑"],"fullName":"Windows 编码问题 — PowerShell 命令构建逻辑 UTF-8 前缀包含 PSDefaultParameterValues（文件输出编码）","status":"passed","title":"UTF-8 前缀包含 PSDefaultParameterValues（文件输出编码）","duration":71.52280000000019,"failureMessages":[],"meta":{},"tags":[]},{"ancestorTitles":["Windows 编码问题 — PowerShell 命令构建逻辑"],"fullName":"Windows 编码问题 — PowerShell 命令构建逻辑 所有必要的编码设置都存在","status":"passed","title":"所有必要的编码设置都存在","duration":69.69160000000011,"failureMessages":[],"meta":{},"tags":[]},{"ancestorTitles":["Windows 编码问题 — PowerShell 命令构建逻辑"],"fullName":"Windows 编码问题 — PowerShell 命令构建逻辑 前缀以分号结尾，可与后续命令拼接","status":"passed","title":"前缀以分号结尾，可与后续命令拼接","duration":70.96669999999995,"failureMessages":[],"meta":{},"tags":[]},{"ancestorTitles":["Windows 编码问题 — PowerShell 命令构建逻辑"],"fullName":"Windows 编码问题 — PowerShell 命令构建逻辑 完整命令拼接后语法正确","status":"passed","title":"完整命令拼接后语法正确","duration":70.97309999999925,"failureMessages":[],"meta":{},"tags":[]},{"ancestorTitles":["Windows 编码问题 — Python 环境变量设置"],"fullName":"Windows 编码问题 — Python 环境变量设置 PYTHONIOENCODING 设置为 utf-8","status":"passed","title":"PYTHONIOENCODING 设置为 utf-8","duration":65.27660000000014,"failureMessages":[],"meta":{},"tags":[]},{"ancestorTitles":["Windows 编码问题 — Python 环境变量设置"],"fullName":"Windows 编码问题 — Python 环境变量设置 PYTHONUTF8 设置为 1（Python 3.7+ UTF-8 模式）","status":"passed","title":"PYTHONUTF8 设置为 1（Python 3.7+ UTF-8 模式）","duration":64.4422999999997,"failureMessages":[],"meta":{},"tags":[]},{"ancestorTitles":["Windows 编码问题 — Python 环境变量设置"],"fullName":"Windows 编码问题 — Python 环境变量设置 PYTHONLEGACYWINDOWSSTDIO 设置为 0（禁用旧版 Windows stdio）","status":"passed","title":"PYTHONLEGACYWINDOWSSTDIO 设置为 0（禁用旧版 Windows stdio）","duration":61.13090000000011,"failureMessages":[],"meta":{},"tags":[]},{"ancestorTitles":["Windows 编码问题 — 跨 Agent 脚本执行链路"],"fullName":"Windows 编码问题 — 跨 Agent 脚本执行链路 Agent A 写入的中文脚本内容与 Agent B 读取的一致","status":"passed","title":"Agent A 写入的中文脚本内容与 Agent B 读取的一致","duration":54.619300000000294,"failureMessages":[],"meta":{},"tags":[]},{"ancestorTitles":["Windows 编码问题 — 跨 Agent 脚本执行链路"],"fullName":"Windows 编码问题 — 跨 Agent 脚本执行链路 BOM 文件被 Agent A 写入后 Agent B 读取时 BOM 被剥离","status":"passed","title":"BOM 文件被 Agent A 写入后 Agent B 读取时 BOM 被剥离","duration":70.26050000000032,"failureMessages":[],"meta":{},"tags":[]},{"ancestorTitles":["Windows 编码问题 — 跨 Agent 脚本执行链路"],"fullName":"Windows 编码问题 — 跨 Agent 脚本执行链路 中文文件名在脚本路径中可正确传递","status":"passed","title":"中文文件名在脚本路径中可正确传递","duration":81.3060000000005,"failureMessages":[],"meta":{},"tags":[]},{"ancestorTitles":["Windows 编码问题 — 跨 Agent 脚本执行链路"],"fullName":"Windows 编码问题 — 跨 Agent 脚本执行链路 中文 stdout 输出被正确解码","status":"passed","title":"中文 stdout 输出被正确解码","duration":95.84320000000025,"failureMessages":[],"meta":{},"tags":[]},{"ancestorTitles":["Windows 编码问题 — 跨 Agent 脚本执行链路"],"fullName":"Windows 编码问题 — 跨 Agent 脚本执行链路 GBK 编码的输出会被替换字符标记（from_utf8_lossy 行为）","status":"passed","title":"GBK 编码的输出会被替换字符标记（from_utf8_lossy 行为）","duration":137.6914999999999,"failureMessages":[],"meta":{},"tags":[]},{"ancestorTitles":["Windows 编码问题 — 跨 Agent 脚本执行链路"],"fullName":"Windows 编码问题 — 跨 Agent 脚本执行链路 emoji 在命令输出中被正确保留","status":"passed","title":"emoji 在命令输出中被正确保留","duration":103.81970000000001,"failureMessages":[],"meta":{},"tags":[]},{"ancestorTitles":["Windows 编码问题 — 系统提示词包含编码指导"],"fullName":"Windows 编码问题 — 系统提示词包含编码指导 提示词应包含 Python 编码声明指导","status":"passed","title":"提示词应包含 Python 编码声明指导","duration":104.9923000000008,"failureMessages":[],"meta":{},"tags":[]},{"ancestorTitles":["Windows 编码问题 — 系统提示词包含编码指导"],"fullName":"Windows 编码问题 — 系统提示词包含编码指导 提示词应警告不要使用 python -c 加中文","status":"passed","title":"提示词应警告不要使用 python -c 加中文","duration":118.30619999999999,"failureMessages":[],"meta":{},"tags":[]},{"ancestorTitles":["Windows 编码问题 — 系统提示词包含编码指导"],"fullName":"Windows 编码问题 — 系统提示词包含编码指导 提示词应包含 chcp 65001 说明","status":"passed","title":"提示词应包含 chcp 65001 说明","duration":124.98989999999958,"failureMessages":[],"meta":{},"tags":[]},{"ancestorTitles":["Windows 编码问题 — 系统提示词包含编码指导"],"fullName":"Windows 编码问题 — 系统提示词包含编码指导 提示词应包含跨 agent 执行指导","status":"passed","title":"提示词应包含跨 agent 执行指导","duration":126.61670000000049,"failureMessages":[],"meta":{},"tags":[]},{"ancestorTitles":["Windows 编码问题 — 系统提示词包含编码指导"],"fullName":"Windows 编码问题 — 系统提示词包含编码指导 提示词应包含文件编码指定指导","status":"passed","title":"提示词应包含文件编码指定指导","duration":72.73329999999987,"failureMessages":[],"meta":{},"tags":[]},{"ancestorTitles":["Windows 编码问题 — 输出截断不破坏多字节字符"],"fullName":"Windows 编码问题 — 输出截断不破坏多字节字符 截断在字符边界处进行","status":"passed","title":"截断在字符边界处进行","duration":85.19470000000001,"failureMessages":[],"meta":{},"tags":[]},{"ancestorTitles":["Windows 编码问题 — 输出截断不破坏多字节字符"],"fullName":"Windows 编码问题 — 输出截断不破坏多字节字符 截断后的中文内容完整","status":"passed","title":"截断后的中文内容完整","duration":89.21010000000024,"failureMessages":[],"meta":{},"tags":[]}],"startTime":1783412754686,"endTime":1783412758317.2102,"status":"passed","message":"","name":"D:/mimo-gui/src/test/encoding-execution.test.ts"},{"assertionResults":[{"ancestorTitles":["编码测试 — 项目名/路径中的中文和 Emoji"],"fullName":"编码测试 — 项目名/路径中的中文和 Emoji 中文项目名存储和读取","status":"passed","title":"中文项目名存储和读取","duration":362.00919999999996,"failureMessages":[],"meta":{},"tags":[]},{"ancestorTitles":["编码测试 — 项目名/路径中的中文和 Emoji"],"fullName":"编码测试 — 项目名/路径中的中文和 Emoji Emoji 项目名存储和读取","status":"passed","title":"Emoji 项目名存储和读取","duration":103.07660000000033,"failureMessages":[],"meta":{},"tags":[]},{"ancestorTitles":["编码测试 — 项目名/路径中的中文和 Emoji"],"fullName":"编码测试 — 项目名/路径中的中文和 Emoji 中文和 Emoji 混合路径","status":"passed","title":"中文和 Emoji 混合路径","duration":118.57890000000043,"failureMessages":[],"meta":{},"tags":[]},{"ancestorTitles":["编码测试 — 项目名/路径中的中文和 Emoji"],"fullName":"编码测试 — 项目名/路径中的中文和 Emoji 中文项目描述","status":"passed","title":"中文项目描述","duration":81.55579999999964,"failureMessages":[],"meta":{},"tags":[]},{"ancestorTitles":["编码测试 — 项目名/路径中的中文和 Emoji"],"fullName":"编码测试 — 项目名/路径中的中文和 Emoji 更新中文项目名","status":"passed","title":"更新中文项目名","duration":91.80450000000019,"failureMessages":[],"meta":{},"tags":[]},{"ancestorTitles":["编码测试 — 项目名/路径中的中文和 Emoji"],"fullName":"编码测试 — 项目名/路径中的中文和 Emoji 删除中文项目名项目","status":"passed","title":"删除中文项目名项目","duration":117.38950000000023,"failureMessages":[],"meta":{},"tags":[]},{"ancestorTitles":["编码测试 — 会话标题中的中文和 Emoji"],"fullName":"编码测试 — 会话标题中的中文和 Emoji 中文会话标题存储和读取","status":"passed","title":"中文会话标题存储和读取","duration":116.21589999999969,"failureMessages":[],"meta":{},"tags":[]},{"ancestorTitles":["编码测试 — 会话标题中的中文和 Emoji"],"fullName":"编码测试 — 会话标题中的中文和 Emoji Emoji 会话标题","status":"passed","title":"Emoji 会话标题","duration":119.36279999999988,"failureMessages":[],"meta":{},"tags":[]},{"ancestorTitles":["编码测试 — 会话标题中的中文和 Emoji"],"fullName":"编码测试 — 会话标题中的中文和 Emoji 超长中文会话标题","status":"passed","title":"超长中文会话标题","duration":91.08449999999993,"failureMessages":[],"meta":{},"tags":[]},{"ancestorTitles":["编码测试 — 消息内容中的中文和 Emoji"],"fullName":"编码测试 — 消息内容中的中文和 Emoji 纯中文消息内容","status":"passed","title":"纯中文消息内容","duration":99.42399999999998,"failureMessages":[],"meta":{},"tags":[]},{"ancestorTitles":["编码测试 — 消息内容中的中文和 Emoji"],"fullName":"编码测试 — 消息内容中的中文和 Emoji Emoji 消息内容","status":"passed","title":"Emoji 消息内容","duration":86.39730000000009,"failureMessages":[],"meta":{},"tags":[]},{"ancestorTitles":["编码测试 — 消息内容中的中文和 Emoji"],"fullName":"编码测试 — 消息内容中的中文和 Emoji 复合 emoji 消息内容","status":"passed","title":"复合 emoji 消息内容","duration":77.04750000000013,"failureMessages":[],"meta":{},"tags":[]},{"ancestorTitles":["编码测试 — 消息内容中的中文和 Emoji"],"fullName":"编码测试 — 消息内容中的中文和 Emoji 包含代码块和中文的混合内容","status":"passed","title":"包含代码块和中文的混合内容","duration":104.52109999999993,"failureMessages":[],"meta":{},"tags":[]},{"ancestorTitles":["编码测试 — 消息内容中的中文和 Emoji"],"fullName":"编码测试 — 消息内容中的中文和 Emoji 中文 reasoning 内容","status":"passed","title":"中文 reasoning 内容","duration":75.51319999999987,"failureMessages":[],"meta":{},"tags":[]},{"ancestorTitles":["编码测试 — 消息内容中的中文和 Emoji"],"fullName":"编码测试 — 消息内容中的中文和 Emoji 中文 generatedFiles 路径","status":"passed","title":"中文 generatedFiles 路径","duration":101.92859999999973,"failureMessages":[],"meta":{},"tags":[]},{"ancestorTitles":["编码测试 — 消息内容中的中文和 Emoji"],"fullName":"编码测试 — 消息内容中的中文和 Emoji 超长中文消息内容","status":"passed","title":"超长中文消息内容","duration":107.10660000000007,"failureMessages":[],"meta":{},"tags":[]},{"ancestorTitles":["编码测试 — 消息内容中的中文和 Emoji"],"fullName":"编码测试 — 消息内容中的中文和 Emoji listMessages 正确返回中文和 emoji 消息","status":"passed","title":"listMessages 正确返回中文和 emoji 消息","duration":102.3778999999995,"failureMessages":[],"meta":{},"tags":[]}],"startTime":1783412754774,"endTime":1783412756734.378,"status":"passed","message":"","name":"D:/mimo-gui/src/test/encoding-project-session.test.ts"},{"assertionResults":[{"ancestorTitles":["编码测试 — 中文和 Emoji 在 Settings 值中"],"fullName":"编码测试 — 中文和 Emoji 在 Settings 值中 纯中文字符串存储","status":"passed","title":"纯中文字符串存储","duration":340.3463999999999,"failureMessages":[],"meta":{},"tags":[]},{"ancestorTitles":["编码测试 — 中文和 Emoji 在 Settings 值中"],"fullName":"编码测试 — 中文和 Emoji 在 Settings 值中 中英混合字符串存储","status":"passed","title":"中英混合字符串存储","duration":126.73099999999977,"failureMessages":[],"meta":{},"tags":[]},{"ancestorTitles":["编码测试 — 中文和 Emoji 在 Settings 值中"],"fullName":"编码测试 — 中文和 Emoji 在 Settings 值中 中文标点符号","status":"passed","title":"中文标点符号","duration":98.60249999999996,"failureMessages":[],"meta":{},"tags":[]},{"ancestorTitles":["编码测试 — 中文和 Emoji 在 Settings 值中"],"fullName":"编码测试 — 中文和 Emoji 在 Settings 值中 单个 emoji 存储和读取","status":"passed","title":"单个 emoji 存储和读取","duration":72.9688000000001,"failureMessages":[],"meta":{},"tags":[]},{"ancestorTitles":["编码测试 — 中文和 Emoji 在 Settings 值中"],"fullName":"编码测试 — 中文和 Emoji 在 Settings 值中 多个 emoji 连续存储","status":"passed","title":"多个 emoji 连续存储","duration":57.146799999999985,"failureMessages":[],"meta":{},"tags":[]},{"ancestorTitles":["编码测试 — 中文和 Emoji 在 Settings 值中"],"fullName":"编码测试 — 中文和 Emoji 在 Settings 值中 复合 emoji（肤色修饰符）存储","status":"passed","title":"复合 emoji（肤色修饰符）存储","duration":90.9041000000002,"failureMessages":[],"meta":{},"tags":[]},{"ancestorTitles":["编码测试 — 中文和 Emoji 在 Settings 值中"],"fullName":"编码测试 — 中文和 Emoji 在 Settings 值中 国旗 emoji 存储","status":"passed","title":"国旗 emoji 存储","duration":116.86989999999969,"failureMessages":[],"meta":{},"tags":[]},{"ancestorTitles":["编码测试 — 中文和 Emoji 在 Settings 值中"],"fullName":"编码测试 — 中文和 Emoji 在 Settings 值中 Emoji + ZWJ（零宽连接符）序列","status":"passed","title":"Emoji + ZWJ（零宽连接符）序列","duration":98.01859999999988,"failureMessages":[],"meta":{},"tags":[]},{"ancestorTitles":["编码测试 — 中文和 Emoji 在 Settings 值中"],"fullName":"编码测试 — 中文和 Emoji 在 Settings 值中 codem-settings 包含中文 provider 名称和 emoji","status":"passed","title":"codem-settings 包含中文 provider 名称和 emoji","duration":99.6860999999999,"failureMessages":[],"meta":{},"tags":[]},{"ancestorTitles":["编码测试 — 中文和 Emoji 在 Settings 值中"],"fullName":"编码测试 — 中文和 Emoji 在 Settings 值中 codem-identity 包含中文身份描述和 emoji 标志","status":"passed","title":"codem-identity 包含中文身份描述和 emoji 标志","duration":77.86689999999999,"failureMessages":[],"meta":{},"tags":[]},{"ancestorTitles":["编码测试 — 中文和 Emoji 在 Settings 值中"],"fullName":"编码测试 — 中文和 Emoji 在 Settings 值中 codem-user 包含中文用户信息和备注","status":"passed","title":"codem-user 包含中文用户信息和备注","duration":71.3755000000001,"failureMessages":[],"meta":{},"tags":[]},{"ancestorTitles":["编码测试 — 中文和 Emoji 在 Settings 值中"],"fullName":"编码测试 — 中文和 Emoji 在 Settings 值中 codem-app-identity 包含中文和 emoji","status":"passed","title":"codem-app-identity 包含中文和 emoji","duration":68.98379999999997,"failureMessages":[],"meta":{},"tags":[]},{"ancestorTitles":["编码测试 — 中文和 Emoji 在 Settings 值中"],"fullName":"编码测试 — 中文和 Emoji 在 Settings 值中 包含 Unicode 转义序列的 JSON 值","status":"passed","title":"包含 Unicode 转义序列的 JSON 值","duration":80.02010000000018,"failureMessages":[],"meta":{},"tags":[]},{"ancestorTitles":["编码测试 — 中文和 Emoji 在 Settings 值中"],"fullName":"编码测试 — 中文和 Emoji 在 Settings 值中 包含换行符和 Tab 的中文文本","status":"passed","title":"包含换行符和 Tab 的中文文本","duration":81.97490000000016,"failureMessages":[],"meta":{},"tags":[]},{"ancestorTitles":["编码测试 — 中文和 Emoji 在 Settings 值中"],"fullName":"编码测试 — 中文和 Emoji 在 Settings 值中 超长中文字符串（10000字）","status":"passed","title":"超长中文字符串（10000字）","duration":102.73919999999998,"failureMessages":[],"meta":{},"tags":[]},{"ancestorTitles":["编码测试 — 中文和 Emoji 在 Settings 值中"],"fullName":"编码测试 — 中文和 Emoji 在 Settings 值中 混合 emoji、中文、英文、数字、符号的复杂字符串","status":"passed","title":"混合 emoji、中文、英文、数字、符号的复杂字符串","duration":93.83679999999958,"failureMessages":[],"meta":{},"tags":[]},{"ancestorTitles":["编码测试 — 中文和 Emoji 在 Settings 值中"],"fullName":"编码测试 — 中文和 Emoji 在 Settings 值中 null 字节不出现在值中（SQLite TEXT 不支持 null 字节）","status":"passed","title":"null 字节不出现在值中（SQLite TEXT 不支持 null 字节）","duration":80.5945999999999,"failureMessages":[],"meta":{},"tags":[]},{"ancestorTitles":["编码测试 — 中文和 Emoji 在 Settings 值中"],"fullName":"编码测试 — 中文和 Emoji 在 Settings 值中 MCP 服务器配置包含中文命令路径","status":"passed","title":"MCP 服务器配置包含中文命令路径","duration":76.45379999999977,"failureMessages":[],"meta":{},"tags":[]},{"ancestorTitles":["编码测试 — 中文和 Emoji 在 Settings 值中"],"fullName":"编码测试 — 中文和 Emoji 在 Settings 值中 Cost tracker 数据包含中文模型描述","status":"passed","title":"Cost tracker 数据包含中文模型描述","duration":78.13479999999981,"failureMessages":[],"meta":{},"tags":[]}],"startTime":1783412755019,"endTime":1783412756933.1348,"status":"passed","message":"","name":"D:/mimo-gui/src/test/encoding-settings.test.ts"},{"assertionResults":[{"ancestorTitles":["编码测试 — Tool Calls 参数中的中文和 Emoji"],"fullName":"编码测试 — Tool Calls 参数中的中文和 Emoji tool call args 包含中文文件路径","status":"passed","title":"tool call args 包含中文文件路径","duration":440.1953000000003,"failureMessages":[],"meta":{},"tags":[]},{"ancestorTitles":["编码测试 — Tool Calls 参数中的中文和 Emoji"],"fullName":"编码测试 — Tool Calls 参数中的中文和 Emoji tool call args 包含 emoji","status":"passed","title":"tool call args 包含 emoji","duration":140.05240000000003,"failureMessages":[],"meta":{},"tags":[]},{"ancestorTitles":["编码测试 — Tool Calls 参数中的中文和 Emoji"],"fullName":"编码测试 — Tool Calls 参数中的中文和 Emoji tool call args 包含复杂嵌套中文 JSON","status":"passed","title":"tool call args 包含复杂嵌套中文 JSON","duration":124.81280000000015,"failureMessages":[],"meta":{},"tags":[]},{"ancestorTitles":["编码测试 — Tool Calls 参数中的中文和 Emoji"],"fullName":"编码测试 — Tool Calls 参数中的中文和 Emoji tool call args 包含中文命令","status":"passed","title":"tool call args 包含中文命令","duration":56.04770000000008,"failureMessages":[],"meta":{},"tags":[]},{"ancestorTitles":["编码测试 — Tool Calls 参数中的中文和 Emoji"],"fullName":"编码测试 — Tool Calls 参数中的中文和 Emoji 多个 tool calls 混合中文和 emoji","status":"passed","title":"多个 tool calls 混合中文和 emoji","duration":81.53850000000011,"failureMessages":[],"meta":{},"tags":[]},{"ancestorTitles":["编码测试 — Tool Calls 参数中的中文和 Emoji"],"fullName":"编码测试 — Tool Calls 参数中的中文和 Emoji fork 包含中文/emoji tool calls 的消息后内容完整","status":"passed","title":"fork 包含中文/emoji tool calls 的消息后内容完整","duration":118.66129999999976,"failureMessages":[],"meta":{},"tags":[]}],"startTime":1783412759178,"endTime":1783412760139.6614,"status":"passed","message":"","name":"D:/mimo-gui/src/test/encoding-toolcalls.test.ts"},{"assertionResults":[{"ancestorTitles":["codem-settings-changed 事件"],"fullName":"codem-settings-changed 事件 派发 codem-settings-changed 事件能被监听到","status":"passed","title":"派发 codem-settings-changed 事件能被监听到","duration":292.7382,"failureMessages":[],"meta":{},"tags":[]},{"ancestorTitles":["codem-settings-changed 事件"],"fullName":"codem-settings-changed 事件 旧事件名 mimo-settings-changed 不再被监听","status":"passed","title":"旧事件名 mimo-settings-changed 不再被监听","duration":77.39619999999991,"failureMessages":[],"meta":{},"tags":[]},{"ancestorTitles":["codem-settings-changed 事件"],"fullName":"codem-settings-changed 事件 多次派发事件，每次都能被捕获","status":"passed","title":"多次派发事件，每次都能被捕获","duration":58.95679999999993,"failureMessages":[],"meta":{},"tags":[]},{"ancestorTitles":["codem-settings-changed 事件"],"fullName":"codem-settings-changed 事件 移除监听后不再收到事件","status":"passed","title":"移除监听后不再收到事件","duration":48.69459999999981,"failureMessages":[],"meta":{},"tags":[]}],"startTime":1783412762212,"endTime":1783412762690.6946,"status":"passed","message":"","name":"D:/mimo-gui/src/test/event.test.ts"},{"assertionResults":[{"ancestorTitles":["Fork 功能 — 从 SQLite 复制消息到新会话"],"fullName":"Fork 功能 — 从 SQLite 复制消息到新会话 能从源会话读取全部消息","status":"passed","title":"能从源会话读取全部消息","duration":471.1750000000002,"failureMessages":[],"meta":{},"tags":[]},{"ancestorTitles":["Fork 功能 — 从 SQLite 复制消息到新会话"],"fullName":"Fork 功能 — 从 SQLite 复制消息到新会话 fork 前 3 条消息到新会话（messageIndex=2）","status":"passed","title":"fork 前 3 条消息到新会话（messageIndex=2）","duration":124.35849999999982,"failureMessages":[],"meta":{},"tags":[]},{"ancestorTitles":["Fork 功能 — 从 SQLite 复制消息到新会话"],"fullName":"Fork 功能 — 从 SQLite 复制消息到新会话 fork 所有消息（messageIndex=4）","status":"passed","title":"fork 所有消息（messageIndex=4）","duration":127.72960000000012,"failureMessages":[],"meta":{},"tags":[]},{"ancestorTitles":["Fork 功能 — 从 SQLite 复制消息到新会话"],"fullName":"Fork 功能 — 从 SQLite 复制消息到新会话 fork 第一条消息（messageIndex=0）","status":"passed","title":"fork 第一条消息（messageIndex=0）","duration":148.10770000000002,"failureMessages":[],"meta":{},"tags":[]},{"ancestorTitles":["Fork 功能 — 从 SQLite 复制消息到新会话"],"fullName":"Fork 功能 — 从 SQLite 复制消息到新会话 fork 后源会话消息不受影响","status":"passed","title":"fork 后源会话消息不受影响","duration":170.42419999999993,"failureMessages":[],"meta":{},"tags":[]},{"ancestorTitles":["Fork 功能 — 从 SQLite 复制消息到新会话"],"fullName":"Fork 功能 — 从 SQLite 复制消息到新会话 fork 包含 tool_calls 的消息","status":"passed","title":"fork 包含 tool_calls 的消息","duration":154.2760000000003,"failureMessages":[],"meta":{},"tags":[]},{"ancestorTitles":["Fork 功能 — 从 SQLite 复制消息到新会话"],"fullName":"Fork 功能 — 从 SQLite 复制消息到新会话 空会话 fork 不崩溃","status":"passed","title":"空会话 fork 不崩溃","duration":109.94430000000011,"failureMessages":[],"meta":{},"tags":[]},{"ancestorTitles":["Fork 功能 — 从 SQLite 复制消息到新会话"],"fullName":"Fork 功能 — 从 SQLite 复制消息到新会话 fork 的消息 ID 与源消息不同","status":"passed","title":"fork 的消息 ID 与源消息不同","duration":144.35359999999991,"failureMessages":[],"meta":{},"tags":[]}],"startTime":1783412755215,"endTime":1783412756667.3535,"status":"passed","message":"","name":"D:/mimo-gui/src/test/fork.test.ts"},{"assertionResults":[{"ancestorTitles":["App.tsx getMode() — 从 codem-settings 读取"],"fullName":"App.tsx getMode() — 从 codem-settings 读取 无设置时默认返回 api","status":"passed","title":"无设置时默认返回 api","duration":317.5221999999999,"failureMessages":[],"meta":{},"tags":[]},{"ancestorTitles":["App.tsx getMode() — 从 codem-settings 读取"],"fullName":"App.tsx getMode() — 从 codem-settings 读取 codem-settings mode=cli 时返回 cli","status":"passed","title":"codem-settings mode=cli 时返回 cli","duration":86.2498999999998,"failureMessages":[],"meta":{},"tags":[]},{"ancestorTitles":["App.tsx getMode() — 从 codem-settings 读取"],"fullName":"App.tsx getMode() — 从 codem-settings 读取 codem-settings mode=api 时返回 api","status":"passed","title":"codem-settings mode=api 时返回 api","duration":62.1867000000002,"failureMessages":[],"meta":{},"tags":[]},{"ancestorTitles":["App.tsx getMode() — 从 codem-settings 读取"],"fullName":"App.tsx getMode() — 从 codem-settings 读取 codem-settings 无 mode 字段时默认返回 api","status":"passed","title":"codem-settings 无 mode 字段时默认返回 api","duration":41.46510000000035,"failureMessages":[],"meta":{},"tags":[]},{"ancestorTitles":["App.tsx getMode() — 从 codem-settings 读取"],"fullName":"App.tsx getMode() — 从 codem-settings 读取 不读取旧的 mimo-settings localStorage key","status":"passed","title":"不读取旧的 mimo-settings localStorage key","duration":50.6216000000004,"failureMessages":[],"meta":{},"tags":[]},{"ancestorTitles":["App.tsx getMode() — 从 codem-settings 读取"],"fullName":"App.tsx getMode() — 从 codem-settings 读取 不读取旧的 mimo-settings SQLite key","status":"passed","title":"不读取旧的 mimo-settings SQLite key","duration":53.58899999999994,"failureMessages":[],"meta":{},"tags":[]}],"startTime":1783412762064,"endTime":1783412762676.589,"status":"passed","message":"","name":"D:/mimo-gui/src/test/get-mode.test.ts"},{"assertionResults":[{"ancestorTitles":["loader.ts — codem-app-identity / codem-user key"],"fullName":"loader.ts — codem-app-identity / codem-user key loadAppIdentity 默认值","status":"passed","title":"loadAppIdentity 默认值","duration":661.0239999999999,"failureMessages":[],"meta":{},"tags":[]},{"ancestorTitles":["loader.ts — codem-app-identity / codem-user key"],"fullName":"loader.ts — codem-app-identity / codem-user key saveAppIdentity → loadAppIdentity 往返","status":"passed","title":"saveAppIdentity → loadAppIdentity 往返","duration":96.10210000000006,"failureMessages":[],"meta":{},"tags":[]},{"ancestorTitles":["loader.ts — codem-app-identity / codem-user key"],"fullName":"loader.ts — codem-app-identity / codem-user key loadAppIdentity 从 codem-app-identity 读取（非 mimo-app-identity）","status":"passed","title":"loadAppIdentity 从 codem-app-identity 读取（非 mimo-app-identity）","duration":75.7509,"failureMessages":[],"meta":{},"tags":[]},{"ancestorTitles":["loader.ts — codem-app-identity / codem-user key"],"fullName":"loader.ts — codem-app-identity / codem-user key loadUserConfig 从 codem-user 读取（非 mimo-user）","status":"passed","title":"loadUserConfig 从 codem-user 读取（非 mimo-user）","duration":131.9103,"failureMessages":[],"meta":{},"tags":[]},{"ancestorTitles":["loader.ts — codem-app-identity / codem-user key"],"fullName":"loader.ts — codem-app-identity / codem-user key loadUserConfig 返回 undefined 当 key 不存在","status":"passed","title":"loadUserConfig 返回 undefined 当 key 不存在","duration":157.12109999999984,"failureMessages":[],"meta":{},"tags":[]}],"startTime":1783412759158,"endTime":1783412760282.121,"status":"passed","message":"","name":"D:/mimo-gui/src/test/loader.test.ts"},{"assertionResults":[{"ancestorTitles":["MCP servers — codem-mcp-servers key"],"fullName":"MCP servers — codem-mcp-servers key 默认返回空数组","status":"passed","title":"默认返回空数组","duration":420.4939999999997,"failureMessages":[],"meta":{},"tags":[]},{"ancestorTitles":["MCP servers — codem-mcp-servers key"],"fullName":"MCP servers — codem-mcp-servers key 保存 MCP 配置后能从 codem-mcp-servers 读取","status":"passed","title":"保存 MCP 配置后能从 codem-mcp-servers 读取","duration":167.3143,"failureMessages":[],"meta":{},"tags":[]},{"ancestorTitles":["MCP servers — codem-mcp-servers key"],"fullName":"MCP servers — codem-mcp-servers key 数据存储在 codem-mcp-servers（非 mimo-mcp-servers）","status":"passed","title":"数据存储在 codem-mcp-servers（非 mimo-mcp-servers）","duration":191.92000000000007,"failureMessages":[],"meta":{},"tags":[]},{"ancestorTitles":["MCP servers — codem-mcp-servers key"],"fullName":"MCP servers — codem-mcp-servers key 多个 MCP 服务器配置","status":"passed","title":"多个 MCP 服务器配置","duration":302.39530000000013,"failureMessages":[],"meta":{},"tags":[]},{"ancestorTitles":["Cost tracker — codem-cost-tracker key"],"fullName":"Cost tracker — codem-cost-tracker key 数据存储在 codem-cost-tracker（非 mimo-cost-tracker）","status":"passed","title":"数据存储在 codem-cost-tracker（非 mimo-cost-tracker）","duration":211.9282000000003,"failureMessages":[],"meta":{},"tags":[]},{"ancestorTitles":["Cost tracker — codem-cost-tracker key"],"fullName":"Cost tracker — codem-cost-tracker key 空数据时返回默认值","status":"passed","title":"空数据时返回默认值","duration":211.88639999999987,"failureMessages":[],"meta":{},"tags":[]},{"ancestorTitles":["Cost tracker — codem-cost-tracker key"],"fullName":"Cost tracker — codem-cost-tracker key cost-tracker getCostTracker 能从 codem-cost-tracker 读取","status":"passed","title":"cost-tracker getCostTracker 能从 codem-cost-tracker 读取","duration":254.71879999999965,"failureMessages":[],"meta":{},"tags":[]}],"startTime":1783412759016,"endTime":1783412760789.7188,"status":"passed","message":"","name":"D:/mimo-gui/src/test/mcp-cost.test.ts"},{"assertionResults":[{"ancestorTitles":["迁移边界测试 — 幂等性和混合数据源"],"fullName":"迁移边界测试 — 幂等性和混合数据源 双重迁移不报错且数据不变","status":"passed","title":"双重迁移不报错且数据不变","duration":525.1266,"failureMessages":[],"meta":{},"tags":[]},{"ancestorTitles":["迁移边界测试 — 幂等性和混合数据源"],"fullName":"迁移边界测试 — 幂等性和混合数据源 三次迁移后数据一致","status":"passed","title":"三次迁移后数据一致","duration":111.35570000000007,"failureMessages":[],"meta":{},"tags":[]},{"ancestorTitles":["迁移边界测试 — 幂等性和混合数据源"],"fullName":"迁移边界测试 — 幂等性和混合数据源 localStorage 和 SQLite 同时有旧 key 时，SQLite 优先","status":"passed","title":"localStorage 和 SQLite 同时有旧 key 时，SQLite 优先","duration":120.54539999999997,"failureMessages":[],"meta":{},"tags":[]},{"ancestorTitles":["迁移边界测试 — 幂等性和混合数据源"],"fullName":"迁移边界测试 — 幂等性和混合数据源 localStorage 有旧 key、SQLite 已有新 key 时，不覆盖新 key","status":"passed","title":"localStorage 有旧 key、SQLite 已有新 key 时，不覆盖新 key","duration":127.65949999999975,"failureMessages":[],"meta":{},"tags":[]},{"ancestorTitles":["迁移边界测试 — 幂等性和混合数据源"],"fullName":"迁移边界测试 — 幂等性和混合数据源 localStorage 和 SQLite 同时有不同旧 key，全部迁移","status":"passed","title":"localStorage 和 SQLite 同时有不同旧 key，全部迁移","duration":146.92590000000018,"failureMessages":[],"meta":{},"tags":[]},{"ancestorTitles":["迁移边界测试 — 幂等性和混合数据源"],"fullName":"迁移边界测试 — 幂等性和混合数据源 localStorage 中损坏的 JSON 不导致迁移崩溃","status":"passed","title":"localStorage 中损坏的 JSON 不导致迁移崩溃","duration":130.9735999999998,"failureMessages":[],"meta":{},"tags":[]},{"ancestorTitles":["迁移边界测试 — 幂等性和混合数据源"],"fullName":"迁移边界测试 — 幂等性和混合数据源 SQLite 中损坏的 JSON 不导致迁移崩溃","status":"passed","title":"SQLite 中损坏的 JSON 不导致迁移崩溃","duration":117.59119999999984,"failureMessages":[],"meta":{},"tags":[]},{"ancestorTitles":["迁移边界测试 — 幂等性和混合数据源"],"fullName":"迁移边界测试 — 幂等性和混合数据源 localStorage 中空字符串值不会被迁移（if(lsData) 为 falsy）","status":"passed","title":"localStorage 中空字符串值不会被迁移（if(lsData) 为 falsy）","duration":110.26290000000017,"failureMessages":[],"meta":{},"tags":[]},{"ancestorTitles":["迁移边界测试 — 幂等性和混合数据源"],"fullName":"迁移边界测试 — 幂等性和混合数据源 localStorage 中 null 值（被 JSON.stringify 处理）可正常迁移","status":"passed","title":"localStorage 中 null 值（被 JSON.stringify 处理）可正常迁移","duration":102.0278000000003,"failureMessages":[],"meta":{},"tags":[]},{"ancestorTitles":["迁移边界测试 — 幂等性和混合数据源"],"fullName":"迁移边界测试 — 幂等性和混合数据源 只有部分旧 key 存在时迁移正常","status":"passed","title":"只有部分旧 key 存在时迁移正常","duration":110.82969999999978,"failureMessages":[],"meta":{},"tags":[]},{"ancestorTitles":["迁移边界测试 — 幂等性和混合数据源"],"fullName":"迁移边界测试 — 幂等性和混合数据源 只有 SQLite 旧 key 存在时迁移正常","status":"passed","title":"只有 SQLite 旧 key 存在时迁移正常","duration":117.4072000000001,"failureMessages":[],"meta":{},"tags":[]},{"ancestorTitles":["迁移边界测试 — 幂等性和混合数据源"],"fullName":"迁移边界测试 — 幂等性和混合数据源 多个新 key 已存在时，旧 key 不覆盖任何新 key","status":"passed","title":"多个新 key 已存在时，旧 key 不覆盖任何新 key","duration":111.67710000000034,"failureMessages":[],"meta":{},"tags":[]},{"ancestorTitles":["迁移边界测试 — 幂等性和混合数据源"],"fullName":"迁移边界测试 — 幂等性和混合数据源 包含中文和 emoji 的旧 key 数据迁移后内容不变","status":"passed","title":"包含中文和 emoji 的旧 key 数据迁移后内容不变","duration":86.31389999999965,"failureMessages":[],"meta":{},"tags":[]},{"ancestorTitles":["迁移边界测试 — 幂等性和混合数据源"],"fullName":"迁移边界测试 — 幂等性和混合数据源 包含中文路径的 cli-session key 迁移","status":"passed","title":"包含中文路径的 cli-session key 迁移","duration":93.25550000000021,"failureMessages":[],"meta":{},"tags":[]}],"startTime":1783412754918,"endTime":1783412756939.2556,"status":"passed","message":"","name":"D:/mimo-gui/src/test/migration-edge.test.ts"},{"assertionResults":[{"ancestorTitles":["Migration — 旧 mimo-* key 自动迁移到 codem-* key"],"fullName":"Migration — 旧 mimo-* key 自动迁移到 codem-* key SQLite 内部：mimo-settings → codem-settings","status":"passed","title":"SQLite 内部：mimo-settings → codem-settings","duration":459.07699999999977,"failureMessages":[],"meta":{},"tags":[]},{"ancestorTitles":["Migration — 旧 mimo-* key 自动迁移到 codem-* key"],"fullName":"Migration — 旧 mimo-* key 自动迁移到 codem-* key SQLite 内部：mimo-app-identity → codem-app-identity","status":"passed","title":"SQLite 内部：mimo-app-identity → codem-app-identity","duration":89.22900000000027,"failureMessages":[],"meta":{},"tags":[]},{"ancestorTitles":["Migration — 旧 mimo-* key 自动迁移到 codem-* key"],"fullName":"Migration — 旧 mimo-* key 自动迁移到 codem-* key SQLite 内部：mimo-user → codem-user","status":"passed","title":"SQLite 内部：mimo-user → codem-user","duration":120.13110000000006,"failureMessages":[],"meta":{},"tags":[]},{"ancestorTitles":["Migration — 旧 mimo-* key 自动迁移到 codem-* key"],"fullName":"Migration — 旧 mimo-* key 自动迁移到 codem-* key SQLite 内部：mimo-identity → codem-identity","status":"passed","title":"SQLite 内部：mimo-identity → codem-identity","duration":82.75289999999995,"failureMessages":[],"meta":{},"tags":[]},{"ancestorTitles":["Migration — 旧 mimo-* key 自动迁移到 codem-* key"],"fullName":"Migration — 旧 mimo-* key 自动迁移到 codem-* key SQLite 内部：mimo-mcp-servers → codem-mcp-servers","status":"passed","title":"SQLite 内部：mimo-mcp-servers → codem-mcp-servers","duration":97.46230000000014,"failureMessages":[],"meta":{},"tags":[]},{"ancestorTitles":["Migration — 旧 mimo-* key 自动迁移到 codem-* key"],"fullName":"Migration — 旧 mimo-* key 自动迁移到 codem-* key SQLite 内部：mimo-cost-tracker → codem-cost-tracker","status":"passed","title":"SQLite 内部：mimo-cost-tracker → codem-cost-tracker","duration":118.61500000000024,"failureMessages":[],"meta":{},"tags":[]},{"ancestorTitles":["Migration — 旧 mimo-* key 自动迁移到 codem-* key"],"fullName":"Migration — 旧 mimo-* key 自动迁移到 codem-* key 不覆盖已有新 key 数据","status":"passed","title":"不覆盖已有新 key 数据","duration":116.14370000000008,"failureMessages":[],"meta":{},"tags":[]},{"ancestorTitles":["Migration — 旧 mimo-* key 自动迁移到 codem-* key"],"fullName":"Migration — 旧 mimo-* key 自动迁移到 codem-* key localStorage → SQLite：mimo-settings 迁移","status":"passed","title":"localStorage → SQLite：mimo-settings 迁移","duration":112.8409999999999,"failureMessages":[],"meta":{},"tags":[]},{"ancestorTitles":["Migration — 旧 mimo-* key 自动迁移到 codem-* key"],"fullName":"Migration — 旧 mimo-* key 自动迁移到 codem-* key localStorage → SQLite：mimo-theme 迁移","status":"passed","title":"localStorage → SQLite：mimo-theme 迁移","duration":100.60840000000007,"failureMessages":[],"meta":{},"tags":[]},{"ancestorTitles":["Migration — 旧 mimo-* key 自动迁移到 codem-* key"],"fullName":"Migration — 旧 mimo-* key 自动迁移到 codem-* key localStorage → SQLite：mimo-identity 迁移","status":"passed","title":"localStorage → SQLite：mimo-identity 迁移","duration":94.99789999999985,"failureMessages":[],"meta":{},"tags":[]},{"ancestorTitles":["Migration — 旧 mimo-* key 自动迁移到 codem-* key"],"fullName":"Migration — 旧 mimo-* key 自动迁移到 codem-* key localStorage → SQLite：mimo-user 迁移","status":"passed","title":"localStorage → SQLite：mimo-user 迁移","duration":98.58429999999998,"failureMessages":[],"meta":{},"tags":[]},{"ancestorTitles":["Migration — 旧 mimo-* key 自动迁移到 codem-* key"],"fullName":"Migration — 旧 mimo-* key 自动迁移到 codem-* key localStorage → SQLite：mimo-cli-session-* 迁移","status":"passed","title":"localStorage → SQLite：mimo-cli-session-* 迁移","duration":128.5030999999999,"failureMessages":[],"meta":{},"tags":[]},{"ancestorTitles":["Migration — 旧 mimo-* key 自动迁移到 codem-* key"],"fullName":"Migration — 旧 mimo-* key 自动迁移到 codem-* key localStorage → SQLite：多个 mimo-cli-session-* 同时迁移","status":"passed","title":"localStorage → SQLite：多个 mimo-cli-session-* 同时迁移","duration":110.96049999999968,"failureMessages":[],"meta":{},"tags":[]},{"ancestorTitles":["Migration — 旧 mimo-* key 自动迁移到 codem-* key"],"fullName":"Migration — 旧 mimo-* key 自动迁移到 codem-* key 无旧数据时迁移不报错","status":"passed","title":"无旧数据时迁移不报错","duration":93.55739999999969,"failureMessages":[],"meta":{},"tags":[]}],"startTime":1783412754971,"endTime":1783412756795.5574,"status":"passed","message":"","name":"D:/mimo-gui/src/test/migration.test.ts"},{"assertionResults":[{"ancestorTitles":["项目删除不依赖 localStorage"],"fullName":"项目删除不依赖 localStorage 创建项目后能从 SQLite 读取","status":"passed","title":"创建项目后能从 SQLite 读取","duration":335.99329999999986,"failureMessages":[],"meta":{},"tags":[]},{"ancestorTitles":["项目删除不依赖 localStorage"],"fullName":"项目删除不依赖 localStorage 删除项目后 SQLite 中不再存在","status":"passed","title":"删除项目后 SQLite 中不再存在","duration":89.09889999999996,"failureMessages":[],"meta":{},"tags":[]},{"ancestorTitles":["项目删除不依赖 localStorage"],"fullName":"项目删除不依赖 localStorage 删除项目不触发 localStorage.setItem","status":"passed","title":"删除项目不触发 localStorage.setItem","duration":67.1545000000001,"failureMessages":[],"meta":{},"tags":[]},{"ancestorTitles":["项目删除不依赖 localStorage"],"fullName":"项目删除不依赖 localStorage 删除项目不影响其他项目","status":"passed","title":"删除项目不影响其他项目","duration":62.33460000000014,"failureMessages":[],"meta":{},"tags":[]},{"ancestorTitles":["项目删除不依赖 localStorage"],"fullName":"项目删除不依赖 localStorage 项目列表完全从 SQLite 读取，不依赖 localStorage","status":"passed","title":"项目列表完全从 SQLite 读取，不依赖 localStorage","duration":49.15110000000004,"failureMessages":[],"meta":{},"tags":[]}],"startTime":1783412761929,"endTime":1783412762533.1511,"status":"passed","message":"","name":"D:/mimo-gui/src/test/project-deletion.test.ts"},{"assertionResults":[{"ancestorTitles":["Recovery 数据 — codem-recovery 前缀"],"fullName":"Recovery 数据 — codem-recovery 前缀 recovery 数据存储在 codem-recovery（非 mimo-recovery）","status":"passed","title":"recovery 数据存储在 codem-recovery（非 mimo-recovery）","duration":271.28510000000006,"failureMessages":[],"meta":{},"tags":[]},{"ancestorTitles":["Recovery 数据 — codem-recovery 前缀"],"fullName":"Recovery 数据 — codem-recovery 前缀 recovery multi-layer 使用 codem-recovery 前缀","status":"passed","title":"recovery multi-layer 使用 codem-recovery 前缀","duration":64.5938000000001,"failureMessages":[],"meta":{},"tags":[]},{"ancestorTitles":["Recovery 数据 — codem-recovery 前缀"],"fullName":"Recovery 数据 — codem-recovery 前缀 recovery.ts DEFAULT_CONFIG.storagePrefix 为 codem-recovery","status":"passed","title":"recovery.ts DEFAULT_CONFIG.storagePrefix 为 codem-recovery","duration":59.05130000000008,"failureMessages":[],"meta":{},"tags":[]}],"startTime":1783412762388,"endTime":1783412762783.0513,"status":"passed","message":"","name":"D:/mimo-gui/src/test/recovery-keys.test.ts"},{"assertionResults":[{"ancestorTitles":["Settings 存储 — codem-* key 读写"],"fullName":"Settings 存储 — codem-* key 读写 setSetting/getSetting 基本读写","status":"passed","title":"setSetting/getSetting 基本读写","duration":443.6745000000001,"failureMessages":[],"meta":{},"tags":[]},{"ancestorTitles":["Settings 存储 — codem-* key 读写"],"fullName":"Settings 存储 — codem-* key 读写 getSetting 返回 null 当 key 不存在","status":"passed","title":"getSetting 返回 null 当 key 不存在","duration":86.30060000000003,"failureMessages":[],"meta":{},"tags":[]},{"ancestorTitles":["Settings 存储 — codem-* key 读写"],"fullName":"Settings 存储 — codem-* key 读写 setSettingJSON/getSettingJSON 读写对象","status":"passed","title":"setSettingJSON/getSettingJSON 读写对象","duration":113.2159999999999,"failureMessages":[],"meta":{},"tags":[]},{"ancestorTitles":["Settings 存储 — codem-* key 读写"],"fullName":"Settings 存储 — codem-* key 读写 getSettingJSON 返回默认值当 key 不存在","status":"passed","title":"getSettingJSON 返回默认值当 key 不存在","duration":69.01220000000012,"failureMessages":[],"meta":{},"tags":[]},{"ancestorTitles":["Settings 存储 — codem-* key 读写"],"fullName":"Settings 存储 — codem-* key 读写 removeSetting 删除后 getSetting 返回 null","status":"passed","title":"removeSetting 删除后 getSetting 返回 null","duration":123.07070000000022,"failureMessages":[],"meta":{},"tags":[]},{"ancestorTitles":["Settings 存储 — codem-* key 读写"],"fullName":"Settings 存储 — codem-* key 读写 setSetting 覆盖旧值","status":"passed","title":"setSetting 覆盖旧值","duration":215.89569999999958,"failureMessages":[],"meta":{},"tags":[]},{"ancestorTitles":["Settings 存储 — codem-* key 读写"],"fullName":"Settings 存储 — codem-* key 读写 codem-settings key 可正确存储和读取完整设置对象","status":"passed","title":"codem-settings key 可正确存储和读取完整设置对象","duration":178.0553,"failureMessages":[],"meta":{},"tags":[]},{"ancestorTitles":["Settings 存储 — codem-* key 读写"],"fullName":"Settings 存储 — codem-* key 读写 codem-theme key 可存储主题","status":"passed","title":"codem-theme key 可存储主题","duration":149.4626000000003,"failureMessages":[],"meta":{},"tags":[]},{"ancestorTitles":["Settings 存储 — codem-* key 读写"],"fullName":"Settings 存储 — codem-* key 读写 codem-identity key 可存储身份配置","status":"passed","title":"codem-identity key 可存储身份配置","duration":136.4321,"failureMessages":[],"meta":{},"tags":[]},{"ancestorTitles":["Settings 存储 — codem-* key 读写"],"fullName":"Settings 存储 — codem-* key 读写 codem-user key 可存储用户配置","status":"passed","title":"codem-user key 可存储用户配置","duration":98.22859999999991,"failureMessages":[],"meta":{},"tags":[]},{"ancestorTitles":["Settings 存储 — codem-* key 读写"],"fullName":"Settings 存储 — codem-* key 读写 codem-app-identity key 可存储 AppIdentity","status":"passed","title":"codem-app-identity key 可存储 AppIdentity","duration":154.0574999999999,"failureMessages":[],"meta":{},"tags":[]},{"ancestorTitles":["Settings 存储 — codem-* key 读写"],"fullName":"Settings 存储 — codem-* key 读写 codem-mcp-servers key 可存储 MCP 服务器配置数组","status":"passed","title":"codem-mcp-servers key 可存储 MCP 服务器配置数组","duration":138.89540000000034,"failureMessages":[],"meta":{},"tags":[]},{"ancestorTitles":["Settings 存储 — codem-* key 读写"],"fullName":"Settings 存储 — codem-* key 读写 codem-cost-tracker key 可存储成本跟踪数据","status":"passed","title":"codem-cost-tracker key 可存储成本跟踪数据","duration":104.86599999999999,"failureMessages":[],"meta":{},"tags":[]},{"ancestorTitles":["Settings 存储 — codem-* key 读写"],"fullName":"Settings 存储 — codem-* key 读写 codem-recovery key 可存储恢复数据","status":"passed","title":"codem-recovery key 可存储恢复数据","duration":113.99069999999983,"failureMessages":[],"meta":{},"tags":[]}],"startTime":1783412758886,"endTime":1783412761014.9907,"status":"passed","message":"","name":"D:/mimo-gui/src/test/settings-storage.test.ts"},{"assertionResults":[{"ancestorTitles":["SQL 注入和特殊字符测试 — Settings"],"fullName":"SQL 注入和特殊字符测试 — Settings 值包含单引号","status":"passed","title":"值包含单引号","duration":355.2999,"failureMessages":[],"meta":{},"tags":[]},{"ancestorTitles":["SQL 注入和特殊字符测试 — Settings"],"fullName":"SQL 注入和特殊字符测试 — Settings 值包含双引号","status":"passed","title":"值包含双引号","duration":102.25950000000012,"failureMessages":[],"meta":{},"tags":[]},{"ancestorTitles":["SQL 注入和特殊字符测试 — Settings"],"fullName":"SQL 注入和特殊字符测试 — Settings 值包含分号","status":"passed","title":"值包含分号","duration":138.0862000000002,"failureMessages":[],"meta":{},"tags":[]},{"ancestorTitles":["SQL 注入和特殊字符测试 — Settings"],"fullName":"SQL 注入和特殊字符测试 — Settings 值包含 SQL 注入模式 — DROP TABLE","status":"passed","title":"值包含 SQL 注入模式 — DROP TABLE","duration":72.16469999999981,"failureMessages":[],"meta":{},"tags":[]},{"ancestorTitles":["SQL 注入和特殊字符测试 — Settings"],"fullName":"SQL 注入和特殊字符测试 — Settings 值包含 SQL 注入模式 — UNION SELECT","status":"passed","title":"值包含 SQL 注入模式 — UNION SELECT","duration":93.38400000000001,"failureMessages":[],"meta":{},"tags":[]},{"ancestorTitles":["SQL 注入和特殊字符测试 — Settings"],"fullName":"SQL 注入和特殊字符测试 — Settings 值包含 SQL 注入模式 — 多语句注入","status":"passed","title":"值包含 SQL 注入模式 — 多语句注入","duration":135.6537000000003,"failureMessages":[],"meta":{},"tags":[]},{"ancestorTitles":["SQL 注入和特殊字符测试 — Settings"],"fullName":"SQL 注入和特殊字符测试 — Settings JSON 值包含 SQL 特殊字符","status":"passed","title":"JSON 值包含 SQL 特殊字符","duration":118.10870000000023,"failureMessages":[],"meta":{},"tags":[]},{"ancestorTitles":["SQL 注入和特殊字符测试 — Settings"],"fullName":"SQL 注入和特殊字符测试 — Settings key 包含特殊字符","status":"passed","title":"key 包含特殊字符","duration":113.7148000000002,"failureMessages":[],"meta":{},"tags":[]},{"ancestorTitles":["SQL 注入和特殊字符测试 — Settings"],"fullName":"SQL 注入和特殊字符测试 — Settings 值包含反斜杠和换行","status":"passed","title":"值包含反斜杠和换行","duration":98.84460000000036,"failureMessages":[],"meta":{},"tags":[]},{"ancestorTitles":["SQL 注入和特殊字符测试 — Settings"],"fullName":"SQL 注入和特殊字符测试 — Settings 值包含 Unicode 控制字符","status":"passed","title":"值包含 Unicode 控制字符","duration":84.89999999999964,"failureMessages":[],"meta":{},"tags":[]},{"ancestorTitles":["SQL 注入和特殊字符测试 — Settings"],"fullName":"SQL 注入和特殊字符测试 — Settings 超长值（100KB）","status":"passed","title":"超长值（100KB）","duration":103.08489999999983,"failureMessages":[],"meta":{},"tags":[]},{"ancestorTitles":["SQL 注入和特殊字符测试 — 消息内容"],"fullName":"SQL 注入和特殊字符测试 — 消息内容 消息内容包含 DROP TABLE","status":"passed","title":"消息内容包含 DROP TABLE","duration":108.89480000000003,"failureMessages":[],"meta":{},"tags":[]},{"ancestorTitles":["SQL 注入和特殊字符测试 — 消息内容"],"fullName":"SQL 注入和特殊字符测试 — 消息内容 消息内容包含单引号和分号","status":"passed","title":"消息内容包含单引号和分号","duration":89.19999999999982,"failureMessages":[],"meta":{},"tags":[]},{"ancestorTitles":["SQL 注入和特殊字符测试 — 消息内容"],"fullName":"SQL 注入和特殊字符测试 — 消息内容 消息 reasoning 包含 SQL 注入模式","status":"passed","title":"消息 reasoning 包含 SQL 注入模式","duration":86.93719999999985,"failureMessages":[],"meta":{},"tags":[]},{"ancestorTitles":["SQL 注入和特殊字符测试 — 消息内容"],"fullName":"SQL 注入和特殊字符测试 — 消息内容 tool call result 包含 SQL 注入模式","status":"passed","title":"tool call result 包含 SQL 注入模式","duration":124.88599999999997,"failureMessages":[],"meta":{},"tags":[]},{"ancestorTitles":["SQL 注入和特殊字符测试 — 消息内容"],"fullName":"SQL 注入和特殊字符测试 — 消息内容 消息 ID 包含特殊字符","status":"passed","title":"消息 ID 包含特殊字符","duration":86.41129999999976,"failureMessages":[],"meta":{},"tags":[]},{"ancestorTitles":["SQL 注入和特殊字符测试 — 项目和会话"],"fullName":"SQL 注入和特殊字符测试 — 项目和会话 项目名包含 SQL 注入模式","status":"passed","title":"项目名包含 SQL 注入模式","duration":79.88510000000042,"failureMessages":[],"meta":{},"tags":[]},{"ancestorTitles":["SQL 注入和特殊字符测试 — 项目和会话"],"fullName":"SQL 注入和特殊字符测试 — 项目和会话 会话标题包含 SQL 注入模式","status":"passed","title":"会话标题包含 SQL 注入模式","duration":81.95219999999972,"failureMessages":[],"meta":{},"tags":[]},{"ancestorTitles":["SQL 注入和特殊字符测试 — 项目和会话"],"fullName":"SQL 注入和特殊字符测试 — 项目和会话 项目路径包含单引号","status":"passed","title":"项目路径包含单引号","duration":74.16560000000027,"failureMessages":[],"meta":{},"tags":[]}],"startTime":1783412754774,"endTime":1783412756923.1655,"status":"passed","message":"","name":"D:/mimo-gui/src/test/sql-injection.test.ts"},{"assertionResults":[{"ancestorTitles":["主题存储 — codem-theme 使用 SQLite"],"fullName":"主题存储 — codem-theme 使用 SQLite 默认主题为 dark 当无存储","status":"passed","title":"默认主题为 dark 当无存储","duration":381.2253999999998,"failureMessages":[],"meta":{},"tags":[]},{"ancestorTitles":["主题存储 — codem-theme 使用 SQLite"],"fullName":"主题存储 — codem-theme 使用 SQLite 保存 light 主题后能读取","status":"passed","title":"保存 light 主题后能读取","duration":100.89530000000013,"failureMessages":[],"meta":{},"tags":[]},{"ancestorTitles":["主题存储 — codem-theme 使用 SQLite"],"fullName":"主题存储 — codem-theme 使用 SQLite 保存 dark 主题后能读取","status":"passed","title":"保存 dark 主题后能读取","duration":93.8394000000003,"failureMessages":[],"meta":{},"tags":[]},{"ancestorTitles":["主题存储 — codem-theme 使用 SQLite"],"fullName":"主题存储 — codem-theme 使用 SQLite 切换主题：dark → light → dark","status":"passed","title":"切换主题：dark → light → dark","duration":67.39340000000038,"failureMessages":[],"meta":{},"tags":[]},{"ancestorTitles":["主题存储 — codem-theme 使用 SQLite"],"fullName":"主题存储 — codem-theme 使用 SQLite 不使用旧的 mimo-theme localStorage key","status":"passed","title":"不使用旧的 mimo-theme localStorage key","duration":74.47159999999985,"failureMessages":[],"meta":{},"tags":[]},{"ancestorTitles":["主题存储 — codem-theme 使用 SQLite"],"fullName":"主题存储 — codem-theme 使用 SQLite 不读取旧的 mimo-theme localStorage key","status":"passed","title":"不读取旧的 mimo-theme localStorage key","duration":98.85489999999982,"failureMessages":[],"meta":{},"tags":[]}],"startTime":1783412760756,"endTime":1783412761573.855,"status":"passed","message":"","name":"D:/mimo-gui/src/test/theme-storage.test.ts"}]}
